Determining if the pthread_create exist failed with the following output:
Change Dir: /home/kimber/catkin_ws/src/RoboTeamCharlie/build-dir/CMakeFiles/CMakeTmp

Run Build Command:/usr/bin/make "cmTryCompileExec1931997011/fast"
/usr/bin/make -f CMakeFiles/cmTryCompileExec1931997011.dir/build.make CMakeFiles/cmTryCompileExec1931997011.dir/build
make[1]: Entering directory `/home/kimber/catkin_ws/src/RoboTeamCharlie/build-dir/CMakeFiles/CMakeTmp'
/usr/bin/cmake -E cmake_progress_report /home/kimber/catkin_ws/src/RoboTeamCharlie/build-dir/CMakeFiles/CMakeTmp/CMakeFiles 1
Building C object CMakeFiles/cmTryCompileExec1931997011.dir/CheckSymbolExists.c.o
/usr/bin/cc    -o CMakeFiles/cmTryCompileExec1931997011.dir/CheckSymbolExists.c.o   -c /home/kimber/catkin_ws/src/RoboTeamCharlie/build-dir/CMakeFiles/CMakeTmp/CheckSymbolExists.c
Linking C executable cmTryCompileExec1931997011
/usr/bin/cmake -E cmake_link_script CMakeFiles/cmTryCompileExec1931997011.dir/link.txt --verbose=1
/usr/bin/cc       CMakeFiles/cmTryCompileExec1931997011.dir/CheckSymbolExists.c.o  -o cmTryCompileExec1931997011 -rdynamic 
CMakeFiles/cmTryCompileExec1931997011.dir/CheckSymbolExists.c.o: In function `main':
CheckSymbolExists.c:(.text+0x16): undefined reference to `pthread_create'
collect2: error: ld returned 1 exit status
make[1]: *** [cmTryCompileExec1931997011] Error 1
make[1]: Leaving directory `/home/kimber/catkin_ws/src/RoboTeamCharlie/build-dir/CMakeFiles/CMakeTmp'
make: *** [cmTryCompileExec1931997011/fast] Error 2

File /home/kimber/catkin_ws/src/RoboTeamCharlie/build-dir/CMakeFiles/CMakeTmp/CheckSymbolExists.c:
/* */
#include <pthread.h>

int main(int argc, char** argv)
{
  (void)argv;
#ifndef pthread_create
  return ((int*)(&pthread_create))[argc];
#else
  (void)argc;
  return 0;
#endif
}

Determining if the function pthread_create exists in the pthreads failed with the following output:
Change Dir: /home/kimber/catkin_ws/src/RoboTeamCharlie/build-dir/CMakeFiles/CMakeTmp

Run Build Command:/usr/bin/make "cmTryCompileExec2842661146/fast"
/usr/bin/make -f CMakeFiles/cmTryCompileExec2842661146.dir/build.make CMakeFiles/cmTryCompileExec2842661146.dir/build
make[1]: Entering directory `/home/kimber/catkin_ws/src/RoboTeamCharlie/build-dir/CMakeFiles/CMakeTmp'
/usr/bin/cmake -E cmake_progress_report /home/kimber/catkin_ws/src/RoboTeamCharlie/build-dir/CMakeFiles/CMakeTmp/CMakeFiles 1
Building C object CMakeFiles/cmTryCompileExec2842661146.dir/CheckFunctionExists.c.o
/usr/bin/cc   -DCHECK_FUNCTION_EXISTS=pthread_create   -o CMakeFiles/cmTryCompileExec2842661146.dir/CheckFunctionExists.c.o   -c /usr/share/cmake-2.8/Modules/CheckFunctionExists.c
Linking C executable cmTryCompileExec2842661146
/usr/bin/cmake -E cmake_link_script CMakeFiles/cmTryCompileExec2842661146.dir/link.txt --verbose=1
/usr/bin/cc   -DCHECK_FUNCTION_EXISTS=pthread_create    CMakeFiles/cmTryCompileExec2842661146.dir/CheckFunctionExists.c.o  -o cmTryCompileExec2842661146 -rdynamic -lpthreads 
/usr/bin/ld: cannot find -lpthreads
collect2: error: ld returned 1 exit status
make[1]: *** [cmTryCompileExec2842661146] Error 1
make[1]: Leaving directory `/home/kimber/catkin_ws/src/RoboTeamCharlie/build-dir/CMakeFiles/CMakeTmp'
make: *** [cmTryCompileExec2842661146/fast] Error 2


